<?xml version="1.0" encoding="UTF-8"?>
<!-- Generated by org.testng.reporters.JUnitReportReporter -->
<testsuite hostname="SIPL92" failures="0" tests="1" name="fedexCILStaging.FedExCILOrderCreation" time="88.296" errors="0" timestamp="2023-01-02T13:05:12 IST" skipped="0">
  <testcase classname="fedexCILStaging.FedExCILOrderCreation" name="fedEXCILOrder" time="88.296"/>
  <system-out/>
</testsuite> <!-- fedexCILStaging.FedExCILOrderCreation -->
